<?xml version="1.0" encoding="utf-8"?><testsuites name="pytest tests"><testsuite name="pytest" errors="0" failures="0" skipped="0" tests="25" time="4.955" timestamp="2026-03-17T21:50:37.949951+00:00" hostname="agent-env-e15f9f5e-ab9b-4bea-bf96-a59a9dc0e3dd"><testcase classname="backend.tests.test_template_preview.TestTemplatesAPI" name="test_get_all_templates_returns_8" time="0.246" /><testcase classname="backend.tests.test_template_preview.TestTemplatesAPI" name="test_templates_have_required_fields" time="0.128" /><testcase classname="backend.tests.test_template_preview.TestTemplatesAPI" name="test_template_ids_match_expected" time="0.144" /><testcase classname="backend.tests.test_template_preview.TestTemplatesAPI" name="test_categories_returned" time="0.116" /><testcase classname="backend.tests.test_template_preview.TestIndividualTemplateDetails" name="test_get_template_by_id[saas-dashboard]" time="0.202" /><testcase classname="backend.tests.test_template_preview.TestIndividualTemplateDetails" name="test_get_template_by_id[ecommerce-store]" time="0.168" /><testcase classname="backend.tests.test_template_preview.TestIndividualTemplateDetails" name="test_get_template_by_id[blog-platform]" time="0.106" /><testcase classname="backend.tests.test_template_preview.TestIndividualTemplateDetails" name="test_get_template_by_id[api-backend]" time="0.106" /><testcase classname="backend.tests.test_template_preview.TestIndividualTemplateDetails" name="test_get_template_by_id[portfolio-site]" time="0.150" /><testcase classname="backend.tests.test_template_preview.TestIndividualTemplateDetails" name="test_get_template_by_id[realtime-chat]" time="0.131" /><testcase classname="backend.tests.test_template_preview.TestIndividualTemplateDetails" name="test_get_template_by_id[ai-assistant]" time="0.133" /><testcase classname="backend.tests.test_template_preview.TestIndividualTemplateDetails" name="test_get_template_by_id[mobile-app]" time="0.108" /><testcase classname="backend.tests.test_template_preview.TestIndividualTemplateDetails" name="test_get_saas_dashboard_details" time="0.114" /><testcase classname="backend.tests.test_template_preview.TestIndividualTemplateDetails" name="test_get_ai_assistant_details" time="0.160" /><testcase classname="backend.tests.test_template_preview.TestIndividualTemplateDetails" name="test_nonexistent_template_returns_404" time="0.125" /><testcase classname="backend.tests.test_template_preview.TestTemplateCreation" name="test_create_without_auth_fails" time="0.107" /><testcase classname="backend.tests.test_template_preview.TestTemplateCreation" name="test_create_project_from_saas_template" time="0.472" /><testcase classname="backend.tests.test_template_preview.TestTemplateCreation" name="test_create_project_from_ecommerce_template" time="0.483" /><testcase classname="backend.tests.test_template_preview.TestTemplateCreation" name="test_create_project_from_ai_assistant_template" time="0.502" /><testcase classname="backend.tests.test_template_preview.TestTemplateCreation" name="test_create_from_nonexistent_template_fails" time="0.439" /><testcase classname="backend.tests.test_template_preview.TestTemplateComplexityAndCredits" name="test_complexity_values_valid" time="0.102" /><testcase classname="backend.tests.test_template_preview.TestTemplateComplexityAndCredits" name="test_estimated_credits_positive" time="0.124" /><testcase classname="backend.tests.test_template_preview.TestTemplateComplexityAndCredits" name="test_popular_templates_marked" time="0.149" /><testcase classname="backend.tests.test_template_preview.TestHealthAndBasicEndpoints" name="test_health_endpoint" time="0.153" /><testcase classname="backend.tests.test_template_preview.TestHealthAndBasicEndpoints" name="test_root_endpoint" time="0.125" /></testsuite></testsuites>