<?xml version="1.0" encoding="utf-8"?><testsuites name="pytest tests"><testsuite name="pytest" errors="0" failures="0" skipped="0" tests="17" time="2.828" timestamp="2026-03-17T21:23:56.513062+00:00" hostname="agent-env-e15f9f5e-ab9b-4bea-bf96-a59a9dc0e3dd"><testcase classname="backend.tests.test_templates.TestTemplatesPublic" name="test_get_all_templates" time="0.162" /><testcase classname="backend.tests.test_templates.TestTemplatesPublic" name="test_template_fields" time="0.156" /><testcase classname="backend.tests.test_templates.TestTemplatesPublic" name="test_filter_by_category_saas" time="0.135" /><testcase classname="backend.tests.test_templates.TestTemplatesPublic" name="test_filter_by_category_backend" time="0.109" /><testcase classname="backend.tests.test_templates.TestTemplatesPublic" name="test_filter_by_category_ecommerce" time="0.113" /><testcase classname="backend.tests.test_templates.TestTemplatesPublic" name="test_filter_by_all_returns_all" time="0.120" /><testcase classname="backend.tests.test_templates.TestTemplatesPublic" name="test_get_single_template_saas_dashboard" time="0.117" /><testcase classname="backend.tests.test_templates.TestTemplatesPublic" name="test_get_single_template_ecommerce_store" time="0.142" /><testcase classname="backend.tests.test_templates.TestTemplatesPublic" name="test_get_single_template_not_found" time="0.136" /><testcase classname="backend.tests.test_templates.TestTemplatesPublic" name="test_template_ids_match_expected" time="0.117" /><testcase classname="backend.tests.test_templates.TestTemplatesAuthenticated" name="test_create_project_from_template_unauthenticated" time="0.106" /><testcase classname="backend.tests.test_templates.TestTemplatesAuthenticated" name="test_create_project_from_saas_dashboard_template" time="0.656" /><testcase classname="backend.tests.test_templates.TestTemplatesAuthenticated" name="test_create_project_from_portfolio_template" time="0.236" /><testcase classname="backend.tests.test_templates.TestTemplatesAuthenticated" name="test_create_project_from_nonexistent_template" time="0.116" /><testcase classname="backend.tests.test_templates.TestTemplateFields" name="test_complexity_values" time="0.119" /><testcase classname="backend.tests.test_templates.TestTemplateFields" name="test_estimated_credits" time="0.115" /><testcase classname="backend.tests.test_templates.TestTemplateFields" name="test_popular_templates" time="0.116" /></testsuite></testsuites>